<?xml version="1.0" encoding="UTF-8"?>
<testsuite xmlns:xsi="http://www.w3.org/2001/XMLSchema-instance" xsi:noNamespaceSchemaLocation="https://maven.apache.org/surefire/maven-surefire-plugin/xsd/surefire-test-report.xsd" name="domain.services.UrlServiceTest" time="0.066" tests="5" errors="0" skipped="0" failures="0">
  <properties>
[...]
</properties>
  <testcase name="delete_removesUrlOnlyWhenOwnedByUser" classname="domain.services.UrlServiceTest" time="0.05"/>
  <testcase name="getByShortCode_findsPreviouslyCreatedUrl" classname="domain.services.UrlServiceTest" time="0.001"/>
  <testcase name="createShortUrl_withValidUrl_persistsAndReturnsUrl" classname="domain.services.UrlServiceTest" time="0.007"/>
  <testcase name="createShortUrl_withInvalidUrl_throwsException" classname="domain.services.UrlServiceTest" time="0.003"/>
  <testcase name="listByUser_returnsOnlyUrlsForThatUser" classname="domain.services.UrlServiceTest" time="0.002"/>
</testsuite>